# JRE version: OpenJDK Runtime Environment (21.0.4) (build 21.0.4+-12508038-b607.1)
# Java VM: OpenJDK 64-Bit Server VM (21.0.4+-12508038-b607.1, mixed mode, tiered, compressed oops, compressed class ptrs, g1 gc, windows-amd64)
GC Precious Log:
 CardTable entry size: 512
 Card Set container configuration: InlinePtr #cards 5 size 8 Array Of Cards #cards 12 size 40 Howl #buckets 4 coarsen threshold 1843 Howl Bitmap #cards 512 size 80 coarsen threshold 460 Card regions per heap region 1 cards per card region 2048
 CPUs: 8 total, 8 available
 Memory: 11982M
 Large Page Support: Disabled
 NUMA Support: Disabled
 Compressed Oops: Enabled (32-bit)
 Heap Region Size: 1M
 Heap Min Capacity: 8M
 Heap Initial Capacity: 188M
 Heap Max Capacity: 2G
 Pre-touch: Disabled
 Parallel Workers: 8
 Concurrent Workers: 2
 Concurrent Refinement Workers: 8
 Periodic GC: Disabled
Heap:
 garbage-first heap   total 214016K, used 153568K [0x0000000080000000, 0x0000000100000000)
  region size 1024K, 28 young (28672K), 5 survivors (5120K)
 Metaspace       used 139370K, committed 141632K, reserved 1179648K
  class space    used 18578K, committed 19712K, reserved 1048576K
GC Heap History (20 events):
Event: 29.673 GC heap before
{Heap before GC invocations=48 (full 0):
 garbage-first heap   total 203776K, used 181970K [0x0000000080000000, 0x0000000100000000)
  region size 1024K, 63 young (64512K), 6 survivors (6144K)
 Metaspace       used 120008K, committed 122240K, reserved 1179648K
  class space    used 15994K, committed 17088K, reserved 1048576K
}
Event: 29.681 GC heap after
{Heap after GC invocations=49 (full 0):
 garbage-first heap   total 203776K, used 129024K [0x0000000080000000, 0x0000000100000000)
  region size 1024K, 7 young (7168K), 7 survivors (7168K)
 Metaspace       used 120008K, committed 122240K, reserved 1179648K
  class space    used 15994K, committed 17088K, reserved 1048576K
}
Event: 30.210 GC heap before
{Heap before GC invocations=50 (full 0):
 garbage-first heap   total 208896K, used 179200K [0x0000000080000000, 0x0000000100000000)
  region size 1024K, 61 young (62464K), 7 survivors (7168K)
 Metaspace       used 121245K, committed 123392K, reserved 1179648K
  class space    used 16141K, committed 17216K, reserved 1048576K
}
Event: 30.220 GC heap after
{Heap after GC invocations=51 (full 0):
 garbage-first heap   total 208896K, used 130864K [0x0000000080000000, 0x0000000100000000)
  region size 1024K, 8 young (8192K), 8 survivors (8192K)
 Metaspace       used 121245K, committed 123392K, reserved 1179648K
  class space    used 16141K, committed 17216K, reserved 1048576K
}
Event: 30.824 GC heap before
{Heap before GC invocations=51 (full 0):
 garbage-first heap   total 208896K, used 187184K [0x0000000080000000, 0x0000000100000000)
  region size 1024K, 64 young (65536K), 8 survivors (8192K)
 Metaspace       used 123883K, committed 126144K, reserved 1179648K
  class space    used 16507K, committed 17664K, reserved 1048576K
}
Event: 30.830 GC heap after
{Heap after GC invocations=52 (full 0):
 garbage-first heap   total 208896K, used 122625K [0x0000000080000000, 0x0000000100000000)
  region size 1024K, 3 young (3072K), 3 survivors (3072K)
 Metaspace       used 123883K, committed 126144K, reserved 1179648K
  class space    used 16507K, committed 17664K, reserved 1048576K
}
Event: 31.977 GC heap before
{Heap before GC invocations=52 (full 0):
 garbage-first heap   total 208896K, used 189185K [0x0000000080000000, 0x0000000100000000)
  region size 1024K, 69 young (70656K), 3 survivors (3072K)
 Metaspace       used 130547K, committed 132736K, reserved 1179648K
  class space    used 17448K, committed 18560K, reserved 1048576K
}
Event: 31.983 GC heap after
{Heap after GC invocations=53 (full 0):
 garbage-first heap   total 208896K, used 125515K [0x0000000080000000, 0x0000000100000000)
  region size 1024K, 6 young (6144K), 6 survivors (6144K)
 Metaspace       used 130547K, committed 132736K, reserved 1179648K
  class space    used 17448K, committed 18560K, reserved 1048576K
}
Event: 34.293 GC heap before
{Heap before GC invocations=54 (full 0):
 garbage-first heap   total 209920K, used 190027K [0x0000000080000000, 0x0000000100000000)
  region size 1024K, 70 young (71680K), 6 survivors (6144K)
 Metaspace       used 135736K, committed 137984K, reserved 1179648K
  class space    used 18174K, committed 19328K, reserved 1048576K
}
Event: 34.300 GC heap after
{Heap after GC invocations=55 (full 0):
 garbage-first heap   total 209920K, used 127011K [0x0000000080000000, 0x0000000100000000)
  region size 1024K, 6 young (6144K), 6 survivors (6144K)
 Metaspace       used 135736K, committed 137984K, reserved 1179648K
  class space    used 18174K, committed 19328K, reserved 1048576K
}
Event: 35.823 GC heap before
{Heap before GC invocations=55 (full 0):
 garbage-first heap   total 209920K, used 191523K [0x0000000080000000, 0x0000000100000000)
  region size 1024K, 69 young (70656K), 6 survivors (6144K)
 Metaspace       used 137709K, committed 139968K, reserved 1179648K
  class space    used 18409K, committed 19520K, reserved 1048576K
}
Event: 35.831 GC heap after
{Heap after GC invocations=56 (full 0):
 garbage-first heap   total 209920K, used 123487K [0x0000000080000000, 0x0000000100000000)
  region size 1024K, 3 young (3072K), 3 survivors (3072K)
 Metaspace       used 137709K, committed 139968K, reserved 1179648K
  class space    used 18409K, committed 19520K, reserved 1048576K
}
Event: 36.764 GC heap before
{Heap before GC invocations=56 (full 0):
 garbage-first heap   total 209920K, used 194143K [0x0000000080000000, 0x0000000100000000)
  region size 1024K, 72 young (73728K), 3 survivors (3072K)
 Metaspace       used 138154K, committed 140416K, reserved 1179648K
  class space    used 18458K, committed 19584K, reserved 1048576K
}
Event: 36.768 GC heap after
{Heap after GC invocations=57 (full 0):
 garbage-first heap   total 209920K, used 123604K [0x0000000080000000, 0x0000000100000000)
  region size 1024K, 3 young (3072K), 3 survivors (3072K)
 Metaspace       used 138154K, committed 140416K, reserved 1179648K
  class space    used 18458K, committed 19584K, reserved 1048576K
}
Event: 38.168 GC heap before
{Heap before GC invocations=58 (full 0):
 garbage-first heap   total 209920K, used 194260K [0x0000000080000000, 0x0000000100000000)
  region size 1024K, 72 young (73728K), 3 survivors (3072K)
 Metaspace       used 138273K, committed 140480K, reserved 1179648K
  class space    used 18474K, committed 19584K, reserved 1048576K
}
Event: 38.176 GC heap after
{Heap after GC invocations=59 (full 0):
 garbage-first heap   total 209920K, used 123664K [0x0000000080000000, 0x0000000100000000)
  region size 1024K, 3 young (3072K), 3 survivors (3072K)
 Metaspace       used 138273K, committed 140480K, reserved 1179648K
  class space    used 18474K, committed 19584K, reserved 1048576K
}
Event: 39.128 GC heap before
{Heap before GC invocations=59 (full 0):
 garbage-first heap   total 209920K, used 194320K [0x0000000080000000, 0x0000000100000000)
  region size 1024K, 72 young (73728K), 3 survivors (3072K)
 Metaspace       used 138982K, committed 141248K, reserved 1179648K
  class space    used 18527K, committed 19648K, reserved 1048576K
}
Event: 39.143 GC heap after
{Heap after GC invocations=60 (full 0):
 garbage-first heap   total 209920K, used 121475K [0x0000000080000000, 0x0000000100000000)
  region size 1024K, 5 young (5120K), 5 survivors (5120K)
 Metaspace       used 138982K, committed 141248K, reserved 1179648K
  class space    used 18527K, committed 19648K, reserved 1048576K
}
Event: 39.327 GC heap before
{Heap before GC invocations=60 (full 0):
 garbage-first heap   total 209920K, used 124547K [0x0000000080000000, 0x0000000100000000)
  region size 1024K, 10 young (10240K), 5 survivors (5120K)
 Metaspace       used 139136K, committed 141376K, reserved 1179648K
  class space    used 18545K, committed 19648K, reserved 1048576K
}
Event: 39.339 GC heap after
{Heap after GC invocations=61 (full 0):
 garbage-first heap   total 209920K, used 121824K [0x0000000080000000, 0x0000000100000000)
  region size 1024K, 5 young (5120K), 5 survivors (5120K)
 Metaspace       used 139136K, committed 141376K, reserved 1179648K
  class space    used 18545K, committed 19648K, reserved 1048576K
}

